Analysis & Synthesis report for ouyou
Fri May 21 23:46:12 2021
Quartus II Version 9.0 Build 235 06/17/2009 Service Pack 2 SJ Web Edition


---------------------
; Table of Contents ;
---------------------
  1. Legal Notice
  2. Analysis & Synthesis Summary
  3. Analysis & Synthesis Settings
  4. Analysis & Synthesis Source Files Read
  5. Analysis & Synthesis Resource Usage Summary
  6. Analysis & Synthesis Resource Utilization by Entity
  7. General Register Statistics
  8. Analysis & Synthesis Messages



----------------
; Legal Notice ;
----------------
Copyright (C) 1991-2009 Altera Corporation
Your use of Altera Corporation's design tools, logic functions 
and other software and tools, and its AMPP partner logic 
functions, and any output files from any of the foregoing 
(including device programming or simulation files), and any 
associated documentation or information are expressly subject 
to the terms and conditions of the Altera Program License 
Subscription Agreement, Altera MegaCore Function License 
Agreement, or other applicable license agreement, including, 
without limitation, that your use is for the sole purpose of 
programming logic devices manufactured by Altera and sold by 
Altera or its authorized distributors.  Please refer to the 
applicable agreement for further details.



+----------------------------------------------------------------------------+
; Analysis & Synthesis Summary                                               ;
+-----------------------------+----------------------------------------------+
; Analysis & Synthesis Status ; Successful - Fri May 21 23:46:12 2021        ;
; Quartus II Version          ; 9.0 Build 235 06/17/2009 SP 2 SJ Web Edition ;
; Revision Name               ; ouyou                                        ;
; Top-level Entity Name       ; ouyou                                        ;
; Family                      ; APEX20KE                                     ;
; Total logic elements        ; 20                                           ;
; Total pins                  ; 13                                           ;
; Total virtual pins          ; 0                                            ;
; Total memory bits           ; 0                                            ;
; Total PLLs                  ; 0                                            ;
+-----------------------------+----------------------------------------------+


+-------------------------------------------------------------------------------------------------+
; Analysis & Synthesis Settings                                                                   ;
+--------------------------------------------------------------+------------------+---------------+
; Option                                                       ; Setting          ; Default Value ;
+--------------------------------------------------------------+------------------+---------------+
; Device                                                       ; EP20K200EBC652-3 ;               ;
; Top-level entity name                                        ; ouyou            ; ouyou         ;
; Family name                                                  ; APEX20KE         ; Stratix II    ;
; Use Generated Physical Constraints File                      ; Off              ;               ;
; Use smart compilation                                        ; Off              ; Off           ;
; Create Debugging Nodes for IP Cores                          ; Off              ; Off           ;
; Preserve fewer node names                                    ; On               ; On            ;
; Disable OpenCore Plus hardware evaluation                    ; Off              ; Off           ;
; Verilog Version                                              ; Verilog_2001     ; Verilog_2001  ;
; VHDL Version                                                 ; VHDL93           ; VHDL93        ;
; State Machine Processing                                     ; Auto             ; Auto          ;
; Safe State Machine                                           ; Off              ; Off           ;
; Extract Verilog State Machines                               ; On               ; On            ;
; Extract VHDL State Machines                                  ; On               ; On            ;
; Ignore Verilog initial constructs                            ; Off              ; Off           ;
; Iteration limit for constant Verilog loops                   ; 5000             ; 5000          ;
; Iteration limit for non-constant Verilog loops               ; 250              ; 250           ;
; Add Pass-Through Logic to Inferred RAMs                      ; On               ; On            ;
; Parallel Synthesis                                           ; Off              ; Off           ;
; NOT Gate Push-Back                                           ; On               ; On            ;
; Power-Up Don't Care                                          ; On               ; On            ;
; Remove Redundant Logic Cells                                 ; Off              ; Off           ;
; Remove Duplicate Registers                                   ; On               ; On            ;
; Ignore CARRY Buffers                                         ; Off              ; Off           ;
; Ignore CASCADE Buffers                                       ; Off              ; Off           ;
; Ignore GLOBAL Buffers                                        ; Off              ; Off           ;
; Ignore ROW GLOBAL Buffers                                    ; Off              ; Off           ;
; Ignore LCELL Buffers                                         ; Off              ; Off           ;
; Ignore SOFT Buffers                                          ; On               ; On            ;
; Limit AHDL Integers to 32 Bits                               ; Off              ; Off           ;
; Auto Implement in ROM                                        ; Off              ; Off           ;
; Technology Mapper                                            ; LUT              ; LUT           ;
; Optimization Technique                                       ; Balanced         ; Balanced      ;
; Allow XOR Gate Usage                                         ; On               ; On            ;
; Carry Chain Length                                           ; 48               ; 48            ;
; Cascade Chain Length                                         ; 2                ; 2             ;
; Parallel Expander Chain Length                               ; 16               ; 16            ;
; Auto Carry Chains                                            ; On               ; On            ;
; Auto Parallel Expanders                                      ; On               ; On            ;
; Auto Open-Drain Pins                                         ; On               ; On            ;
; Perform WYSIWYG Primitive Resynthesis                        ; Off              ; Off           ;
; Auto ROM Replacement                                         ; On               ; On            ;
; Auto RAM Replacement                                         ; On               ; On            ;
; Auto Shift Register Replacement                              ; Auto             ; Auto          ;
; Auto Clock Enable Replacement                                ; On               ; On            ;
; Strict RAM Replacement                                       ; Off              ; Off           ;
; Auto Resource Sharing                                        ; Off              ; Off           ;
; Allow Any RAM Size For Recognition                           ; Off              ; Off           ;
; Allow Any ROM Size For Recognition                           ; Off              ; Off           ;
; Allow Any Shift Register Size For Recognition                ; Off              ; Off           ;
; Use LogicLock Constraints during Resource Balancing          ; On               ; On            ;
; Ignore translate_off and synthesis_off directives            ; Off              ; Off           ;
; Show Parameter Settings Tables in Synthesis Report           ; On               ; On            ;
; Ignore Maximum Fan-Out Assignments                           ; Off              ; Off           ;
; Synchronization Register Chain Length                        ; 2                ; 2             ;
; HDL message level                                            ; Level2           ; Level2        ;
; Suppress Register Optimization Related Messages              ; Off              ; Off           ;
; Number of Removed Registers Reported in Synthesis Report     ; 100              ; 100           ;
; Number of Inverted Registers Reported in Synthesis Report    ; 100              ; 100           ;
; Block Design Naming                                          ; Auto             ; Auto          ;
; Synthesis Effort                                             ; Auto             ; Auto          ;
; Shift Register Replacement - Allow Asynchronous Clear Signal ; On               ; On            ;
; Analysis & Synthesis Message Level                           ; Medium           ; Medium        ;
+--------------------------------------------------------------+------------------+---------------+


+-------------------------------------------------------------------------------------------------------------------------------------------+
; Analysis & Synthesis Source Files Read                                                                                                    ;
+----------------------------------+-----------------+------------------------------------+-------------------------------------------------+
; File Name with User-Entered Path ; Used in Netlist ; File Type                          ; File Name with Absolute Path                    ;
+----------------------------------+-----------------+------------------------------------+-------------------------------------------------+
; ../fulladder/fulladder.bdf       ; yes             ; User Block Diagram/Schematic File  ; C:/altera/90sp2/quartus/fulladder/fulladder.bdf ;
; ouyou.bdf                        ; yes             ; User Block Diagram/Schematic File  ; C:/altera/90sp2/quartus/ouyou/ouyou.bdf         ;
+----------------------------------+-----------------+------------------------------------+-------------------------------------------------+


+---------------------------------------------+
; Analysis & Synthesis Resource Usage Summary ;
+--------------------------------+------------+
; Resource                       ; Usage      ;
+--------------------------------+------------+
; Total logic elements           ; 20         ;
; Total combinational functions  ; 20         ;
;     -- Total 4-input functions ; 11         ;
;     -- Total 3-input functions ; 5          ;
;     -- Total 2-input functions ; 4          ;
;     -- Total 1-input functions ; 0          ;
;     -- Total 0-input functions ; 0          ;
; Total registers                ; 4          ;
; I/O pins                       ; 13         ;
; Maximum fan-out node           ; 1          ;
; Maximum fan-out                ; 9          ;
; Total fan-out                  ; 80         ;
; Average fan-out                ; 2.42       ;
+--------------------------------+------------+


+--------------------------------------------------------------------------------------------------------------------------------------------------------------------------------------------------------------------------+
; Analysis & Synthesis Resource Utilization by Entity                                                                                                                                                                      ;
+----------------------------+-------------+--------------+-------------+------+--------------+--------------+-------------------+------------------+-----------------+------------+------------------------+--------------+
; Compilation Hierarchy Node ; Logic Cells ; LC Registers ; Memory Bits ; Pins ; Virtual Pins ; LUT-Only LCs ; Register-Only LCs ; LUT/Register LCs ; Carry Chain LCs ; Packed LCs ; Full Hierarchy Name    ; Library Name ;
+----------------------------+-------------+--------------+-------------+------+--------------+--------------+-------------------+------------------+-----------------+------------+------------------------+--------------+
; |ouyou                     ; 20 (11)     ; 4            ; 0           ; 13   ; 0            ; 16 (7)       ; 0 (0)             ; 4 (4)            ; 0 (0)           ; 0 (0)      ; |ouyou                 ; work         ;
;    |fulladder:inst1|       ; 2 (2)       ; 0            ; 0           ; 0    ; 0            ; 2 (2)        ; 0 (0)             ; 0 (0)            ; 0 (0)           ; 0 (0)      ; |ouyou|fulladder:inst1 ; work         ;
;    |fulladder:inst2|       ; 3 (3)       ; 0            ; 0           ; 0    ; 0            ; 3 (3)        ; 0 (0)             ; 0 (0)            ; 0 (0)           ; 0 (0)      ; |ouyou|fulladder:inst2 ; work         ;
;    |fulladder:inst3|       ; 2 (2)       ; 0            ; 0           ; 0    ; 0            ; 2 (2)        ; 0 (0)             ; 0 (0)            ; 0 (0)           ; 0 (0)      ; |ouyou|fulladder:inst3 ; work         ;
;    |fulladder:inst|        ; 2 (2)       ; 0            ; 0           ; 0    ; 0            ; 2 (2)        ; 0 (0)             ; 0 (0)            ; 0 (0)           ; 0 (0)      ; |ouyou|fulladder:inst  ; work         ;
+----------------------------+-------------+--------------+-------------+------+--------------+--------------+-------------------+------------------+-----------------+------------+------------------------+--------------+
Note: For table entries with two numbers listed, the numbers in parentheses indicate the number of resources of the given type used by the specific entity alone. The numbers listed outside of parentheses indicate the total resources of the given type used by the specific entity and all of its sub-entities in the hierarchy.


+------------------------------------------------------+
; General Register Statistics                          ;
+----------------------------------------------+-------+
; Statistic                                    ; Value ;
+----------------------------------------------+-------+
; Total registers                              ; 4     ;
; Number of registers using Synchronous Clear  ; 0     ;
; Number of registers using Synchronous Load   ; 0     ;
; Number of registers using Asynchronous Clear ; 4     ;
; Number of registers using Asynchronous Load  ; 0     ;
; Number of registers using Clock Enable       ; 0     ;
; Number of registers using Preset             ; 0     ;
+----------------------------------------------+-------+


+-------------------------------+
; Analysis & Synthesis Messages ;
+-------------------------------+
Info: *******************************************************************
Info: Running Quartus II Analysis & Synthesis
    Info: Version 9.0 Build 235 06/17/2009 Service Pack 2 SJ Web Edition
    Info: Processing started: Fri May 21 23:46:11 2021
Info: Command: quartus_map --read_settings_files=on --write_settings_files=off ouyou -c ouyou
Info: Found 1 design units, including 1 entities, in source file ../fulladder/fulladder.bdf
    Info: Found entity 1: fulladder
Info: Found 1 design units, including 1 entities, in source file ouyou.bdf
    Info: Found entity 1: ouyou
Info: Elaborating entity "ouyou" for the top level hierarchy
Info: Elaborating entity "fulladder" for hierarchy "fulladder:inst"
Warning: Presettable and clearable registers converted to equivalent circuits with latches. Registers power-up to an undefined state, and DEVCLRn places the registers in an undefined state.
    Warning (13310): Register "inst12" is converted into an equivalent circuit using register "inst12~_emulated" and latch "inst12~latch"
    Warning (13310): Register "inst15" is converted into an equivalent circuit using register "inst15~_emulated" and latch "inst12~latch"
    Warning (13310): Register "inst14" is converted into an equivalent circuit using register "inst14~_emulated" and latch "inst14~latch"
    Warning (13310): Register "inst13" is converted into an equivalent circuit using register "inst13~_emulated" and latch "inst14~latch"
Info: Implemented 33 device resources after synthesis - the final resource count might be different
    Info: Implemented 8 input pins
    Info: Implemented 5 output pins
    Info: Implemented 20 logic cells
Info: Quartus II Analysis & Synthesis was successful. 0 errors, 5 warnings
    Info: Peak virtual memory: 220 megabytes
    Info: Processing ended: Fri May 21 23:46:12 2021
    Info: Elapsed time: 00:00:01
    Info: Total CPU time (on all processors): 00:00:01


